2024-06-20T08:34:49.679+0800	[34mINFO[0m	clients/client_factory.go:47	logDir:<../../tmp/nacos/log>   cacheDir:<../../tmp/nacos/cache>
2024-06-20T08:37:38.838+0800	[34mINFO[0m	clients/client_factory.go:47	logDir:<../../tmp/nacos/log>   cacheDir:<../../tmp/nacos/cache>
2024-06-20T08:38:38.539+0800	[34mINFO[0m	clients/client_factory.go:47	logDir:<../../tmp/nacos/log>   cacheDir:<../../tmp/nacos/cache>
2024-06-20T08:42:38.277+0800	[34mINFO[0m	clients/client_factory.go:47	logDir:<../../tmp/nacos/log>   cacheDir:<../../tmp/nacos/cache>
2024-06-20T08:42:57.491+0800	[34mINFO[0m	clients/client_factory.go:47	logDir:<../../tmp/nacos/log>   cacheDir:<../../tmp/nacos/cache>
2024-06-20T08:44:18.098+0800	[34mINFO[0m	clients/client_factory.go:47	logDir:<../../tmp/nacos/log>   cacheDir:<../../tmp/nacos/cache>
2024-06-20T08:50:08.283+0800	[34mINFO[0m	clients/client_factory.go:47	logDir:<../../tmp/nacos/log>   cacheDir:<../../tmp/nacos/cache>
2024-06-20T08:52:37.448+0800	[34mINFO[0m	clients/client_factory.go:47	logDir:<../../tmp/nacos/log>   cacheDir:<../../tmp/nacos/cache>
2024-06-20T08:52:45.778+0800	[34mINFO[0m	clients/client_factory.go:47	logDir:<../../tmp/nacos/log>   cacheDir:<../../tmp/nacos/cache>
2024-06-21T17:24:19.550+0800	[34mINFO[0m	clients/client_factory.go:47	logDir:<../../tmp/nacos/log>   cacheDir:<../../tmp/nacos/cache>
2024-06-21T17:24:20.702+0800	[34mINFO[0m	clients/client_factory.go:47	logDir:<../../tmp/nacos/log>   cacheDir:<../../tmp/nacos/cache>
2024-06-21T17:24:41.624+0800	[34mINFO[0m	clients/client_factory.go:47	logDir:<../../tmp/nacos/log>   cacheDir:<../../tmp/nacos/cache>
2024-06-21T17:24:51.509+0800	[34mINFO[0m	clients/client_factory.go:47	logDir:<../../tmp/nacos/log>   cacheDir:<../../tmp/nacos/cache>
2024-06-21T17:25:59.049+0800	[34mINFO[0m	clients/client_factory.go:47	logDir:<../../tmp/nacos/log>   cacheDir:<../../tmp/nacos/cache>
2024-06-21T17:28:43.797+0800	[34mINFO[0m	clients/client_factory.go:47	logDir:<../../tmp/nacos/log>   cacheDir:<../../tmp/nacos/cache>
2024-06-22T09:08:57.257+0800	[34mINFO[0m	clients/client_factory.go:47	logDir:<../../tmp/nacos/log>   cacheDir:<../../tmp/nacos/cache>
2024-06-22T09:08:58.949+0800	[34mINFO[0m	clients/client_factory.go:47	logDir:<../../tmp/nacos/log>   cacheDir:<../../tmp/nacos/cache>
2024-06-23T19:47:44.660+0800	[34mINFO[0m	clients/client_factory.go:47	logDir:<../../tmp/nacos/log>   cacheDir:<../../tmp/nacos/cache>
2024-06-23T19:48:47.590+0800	[34mINFO[0m	clients/client_factory.go:47	logDir:<../../tmp/nacos/log>   cacheDir:<../../tmp/nacos/cache>
2024-06-23T19:53:19.426+0800	[34mINFO[0m	clients/client_factory.go:47	logDir:<../../tmp/nacos/log>   cacheDir:<../../tmp/nacos/cache>
2024-06-23T19:53:31.687+0800	[34mINFO[0m	clients/client_factory.go:47	logDir:<../../tmp/nacos/log>   cacheDir:<../../tmp/nacos/cache>
2024-06-23T19:58:44.434+0800	[34mINFO[0m	clients/client_factory.go:47	logDir:<../../tmp/nacos/log>   cacheDir:<../../tmp/nacos/cache>
2024-06-23T19:58:50.879+0800	[34mINFO[0m	clients/client_factory.go:47	logDir:<../../tmp/nacos/log>   cacheDir:<../../tmp/nacos/cache>
2024-06-23T20:00:16.763+0800	[34mINFO[0m	clients/client_factory.go:47	logDir:<../../tmp/nacos/log>   cacheDir:<../../tmp/nacos/cache>
2024-06-23T20:36:50.029+0800	[34mINFO[0m	clients/client_factory.go:47	logDir:<../../tmp/nacos/log>   cacheDir:<../../tmp/nacos/cache>
2024-06-23T20:36:52.838+0800	[34mINFO[0m	clients/client_factory.go:47	logDir:<../../tmp/nacos/log>   cacheDir:<../../tmp/nacos/cache>
2024-06-24T10:46:02.248+0800	[34mINFO[0m	clients/client_factory.go:47	logDir:<../../tmp/nacos/log>   cacheDir:<../../tmp/nacos/cache>
2024-06-24T10:46:02.970+0800	[34mINFO[0m	clients/client_factory.go:47	logDir:<../../tmp/nacos/log>   cacheDir:<../../tmp/nacos/cache>
2024-06-24T14:52:19.344+0800	[34mINFO[0m	clients/client_factory.go:47	logDir:<../../tmp/nacos/log>   cacheDir:<../../tmp/nacos/cache>
2024-06-24T14:54:53.908+0800	[34mINFO[0m	clients/client_factory.go:47	logDir:<../../tmp/nacos/log>   cacheDir:<../../tmp/nacos/cache>
2024-06-24T14:55:49.962+0800	[34mINFO[0m	clients/client_factory.go:47	logDir:<../../tmp/nacos/log>   cacheDir:<../../tmp/nacos/cache>
2024-06-24T14:55:54.980+0800	[31mERROR[0m	nacos_server/nacos_server.go:199	api</v1/cs/configs>,method:<GET>, params:<{"dataId":"global","group":"MS","tenant":"a1a0f287-b04b-4ec1-a878-1e3ee676b171"}>, call domain error:<context deadline exceeded (Client.Timeout or context cancellation while reading body)> , result:<>
2024-06-24T14:58:11.322+0800	[34mINFO[0m	clients/client_factory.go:47	logDir:<../../tmp/nacos/log>   cacheDir:<../../tmp/nacos/cache>
2024-06-24T15:02:07.402+0800	[34mINFO[0m	clients/client_factory.go:47	logDir:<../../tmp/nacos/log>   cacheDir:<../../tmp/nacos/cache>
2024-06-24T15:03:53.327+0800	[34mINFO[0m	clients/client_factory.go:47	logDir:<../../tmp/nacos/log>   cacheDir:<../../tmp/nacos/cache>
2024-06-24T15:05:12.405+0800	[34mINFO[0m	clients/client_factory.go:47	logDir:<../../tmp/nacos/log>   cacheDir:<../../tmp/nacos/cache>
2024-06-24T15:05:43.293+0800	[34mINFO[0m	clients/client_factory.go:47	logDir:<../../tmp/nacos/log>   cacheDir:<../../tmp/nacos/cache>
2024-06-24T15:07:07.268+0800	[34mINFO[0m	clients/client_factory.go:47	logDir:<../../tmp/nacos/log>   cacheDir:<../../tmp/nacos/cache>
2024-06-24T15:08:50.105+0800	[34mINFO[0m	clients/client_factory.go:47	logDir:<../../tmp/nacos/log>   cacheDir:<../../tmp/nacos/cache>
2024-06-24T15:09:30.825+0800	[34mINFO[0m	clients/client_factory.go:47	logDir:<../../tmp/nacos/log>   cacheDir:<../../tmp/nacos/cache>
2024-06-24T15:31:34.675+0800	[34mINFO[0m	clients/client_factory.go:47	logDir:<../../tmp/nacos/log>   cacheDir:<../../tmp/nacos/cache>
2024-06-24T15:32:31.506+0800	[34mINFO[0m	clients/client_factory.go:47	logDir:<../../tmp/nacos/log>   cacheDir:<../../tmp/nacos/cache>
2024-06-24T15:36:54.711+0800	[34mINFO[0m	clients/client_factory.go:47	logDir:<../../tmp/nacos/log>   cacheDir:<../../tmp/nacos/cache>
2024-06-24T15:38:23.357+0800	[34mINFO[0m	clients/client_factory.go:47	logDir:<../../tmp/nacos/log>   cacheDir:<../../tmp/nacos/cache>
2024-06-24T15:39:12.705+0800	[34mINFO[0m	clients/client_factory.go:47	logDir:<../../tmp/nacos/log>   cacheDir:<../../tmp/nacos/cache>
2024-06-24T15:40:00.827+0800	[34mINFO[0m	clients/client_factory.go:47	logDir:<../../tmp/nacos/log>   cacheDir:<../../tmp/nacos/cache>
2024-06-24T15:41:04.345+0800	[34mINFO[0m	clients/client_factory.go:47	logDir:<../../tmp/nacos/log>   cacheDir:<../../tmp/nacos/cache>
2024-06-24T15:41:51.713+0800	[34mINFO[0m	clients/client_factory.go:47	logDir:<../../tmp/nacos/log>   cacheDir:<../../tmp/nacos/cache>
2024-06-24T15:44:20.950+0800	[34mINFO[0m	clients/client_factory.go:47	logDir:<../../tmp/nacos/log>   cacheDir:<../../tmp/nacos/cache>
2024-06-24T19:19:36.470+0800	[34mINFO[0m	clients/client_factory.go:47	logDir:<../../tmp/nacos/log>   cacheDir:<../../tmp/nacos/cache>
2024-06-24T19:19:54.600+0800	[34mINFO[0m	clients/client_factory.go:47	logDir:<../../tmp/nacos/log>   cacheDir:<../../tmp/nacos/cache>
2024-06-24T19:26:57.195+0800	[34mINFO[0m	clients/client_factory.go:47	logDir:<../../tmp/nacos/log>   cacheDir:<../../tmp/nacos/cache>
2024-06-24T19:27:00.837+0800	[34mINFO[0m	clients/client_factory.go:47	logDir:<../../tmp/nacos/log>   cacheDir:<../../tmp/nacos/cache>
2024-06-24T19:29:54.053+0800	[34mINFO[0m	clients/client_factory.go:47	logDir:<../../tmp/nacos/log>   cacheDir:<../../tmp/nacos/cache>
2024-06-24T19:34:50.382+0800	[34mINFO[0m	clients/client_factory.go:47	logDir:<../../tmp/nacos/log>   cacheDir:<../../tmp/nacos/cache>
2024-06-24T19:35:39.069+0800	[34mINFO[0m	clients/client_factory.go:47	logDir:<../../tmp/nacos/log>   cacheDir:<../../tmp/nacos/cache>
2024-06-24T19:41:37.035+0800	[34mINFO[0m	clients/client_factory.go:47	logDir:<../../tmp/nacos/log>   cacheDir:<../../tmp/nacos/cache>
2024-06-24T19:42:21.239+0800	[34mINFO[0m	clients/client_factory.go:47	logDir:<../../tmp/nacos/log>   cacheDir:<../../tmp/nacos/cache>
2024-06-24T19:42:38.636+0800	[34mINFO[0m	clients/client_factory.go:47	logDir:<../../tmp/nacos/log>   cacheDir:<../../tmp/nacos/cache>
2024-06-24T19:44:37.244+0800	[34mINFO[0m	clients/client_factory.go:47	logDir:<../../tmp/nacos/log>   cacheDir:<../../tmp/nacos/cache>
2024-06-24T19:45:26.875+0800	[34mINFO[0m	clients/client_factory.go:47	logDir:<../../tmp/nacos/log>   cacheDir:<../../tmp/nacos/cache>
2024-06-24T19:48:09.410+0800	[34mINFO[0m	clients/client_factory.go:47	logDir:<../../tmp/nacos/log>   cacheDir:<../../tmp/nacos/cache>
2024-06-24T19:48:40.138+0800	[34mINFO[0m	clients/client_factory.go:47	logDir:<../../tmp/nacos/log>   cacheDir:<../../tmp/nacos/cache>
2024-06-24T19:53:21.447+0800	[34mINFO[0m	clients/client_factory.go:47	logDir:<../../tmp/nacos/log>   cacheDir:<../../tmp/nacos/cache>
2024-06-24T19:53:43.030+0800	[34mINFO[0m	clients/client_factory.go:47	logDir:<../../tmp/nacos/log>   cacheDir:<../../tmp/nacos/cache>
2024-06-24T19:55:25.472+0800	[34mINFO[0m	clients/client_factory.go:47	logDir:<../../tmp/nacos/log>   cacheDir:<../../tmp/nacos/cache>
2024-06-24T19:55:39.320+0800	[34mINFO[0m	clients/client_factory.go:47	logDir:<../../tmp/nacos/log>   cacheDir:<../../tmp/nacos/cache>
2024-06-24T19:55:47.853+0800	[34mINFO[0m	clients/client_factory.go:47	logDir:<../../tmp/nacos/log>   cacheDir:<../../tmp/nacos/cache>
2024-06-24T19:56:08.978+0800	[34mINFO[0m	clients/client_factory.go:47	logDir:<../../tmp/nacos/log>   cacheDir:<../../tmp/nacos/cache>
2024-06-24T19:56:53.777+0800	[34mINFO[0m	clients/client_factory.go:47	logDir:<../../tmp/nacos/log>   cacheDir:<../../tmp/nacos/cache>
2024-06-24T19:56:58.155+0800	[34mINFO[0m	clients/client_factory.go:47	logDir:<../../tmp/nacos/log>   cacheDir:<../../tmp/nacos/cache>
2024-06-24T19:57:09.040+0800	[34mINFO[0m	clients/client_factory.go:47	logDir:<../../tmp/nacos/log>   cacheDir:<../../tmp/nacos/cache>
2024-06-24T19:58:28.009+0800	[34mINFO[0m	clients/client_factory.go:47	logDir:<../../tmp/nacos/log>   cacheDir:<../../tmp/nacos/cache>
2024-06-24T20:14:12.952+0800	[34mINFO[0m	clients/client_factory.go:47	logDir:<../../tmp/nacos/log>   cacheDir:<../../tmp/nacos/cache>
2024-06-24T20:14:45.843+0800	[34mINFO[0m	clients/client_factory.go:47	logDir:<../../tmp/nacos/log>   cacheDir:<../../tmp/nacos/cache>
2024-06-24T20:30:11.148+0800	[34mINFO[0m	clients/client_factory.go:47	logDir:<../../tmp/nacos/log>   cacheDir:<../../tmp/nacos/cache>
2024-06-24T20:30:15.819+0800	[34mINFO[0m	clients/client_factory.go:47	logDir:<../../tmp/nacos/log>   cacheDir:<../../tmp/nacos/cache>
2024-06-24T20:33:53.102+0800	[34mINFO[0m	clients/client_factory.go:47	logDir:<../../tmp/nacos/log>   cacheDir:<../../tmp/nacos/cache>
2024-06-24T20:34:09.536+0800	[34mINFO[0m	clients/client_factory.go:47	logDir:<../../tmp/nacos/log>   cacheDir:<../../tmp/nacos/cache>
2024-06-24T20:35:59.023+0800	[34mINFO[0m	clients/client_factory.go:47	logDir:<../../tmp/nacos/log>   cacheDir:<../../tmp/nacos/cache>
2024-06-24T20:42:17.993+0800	[34mINFO[0m	clients/client_factory.go:47	logDir:<../../tmp/nacos/log>   cacheDir:<../../tmp/nacos/cache>
2024-06-24T20:44:54.632+0800	[34mINFO[0m	clients/client_factory.go:47	logDir:<../../tmp/nacos/log>   cacheDir:<../../tmp/nacos/cache>
2024-06-24T20:45:37.333+0800	[34mINFO[0m	clients/client_factory.go:47	logDir:<../../tmp/nacos/log>   cacheDir:<../../tmp/nacos/cache>
2024-06-24T20:47:30.570+0800	[34mINFO[0m	clients/client_factory.go:47	logDir:<../../tmp/nacos/log>   cacheDir:<../../tmp/nacos/cache>
2024-06-24T20:48:36.224+0800	[34mINFO[0m	clients/client_factory.go:47	logDir:<../../tmp/nacos/log>   cacheDir:<../../tmp/nacos/cache>
2024-06-25T11:00:42.787+0800	[34mINFO[0m	clients/client_factory.go:47	logDir:<../../tmp/nacos/log>   cacheDir:<../../tmp/nacos/cache>
2024-06-25T11:00:43.219+0800	[34mINFO[0m	clients/client_factory.go:47	logDir:<../../tmp/nacos/log>   cacheDir:<../../tmp/nacos/cache>
<<<<<<< HEAD
2024-06-25T20:29:53.412+0800	[34mINFO[0m	clients/client_factory.go:47	logDir:<../../tmp/nacos/log>   cacheDir:<../../tmp/nacos/cache>
2024-06-25T20:29:59.052+0800	[34mINFO[0m	clients/client_factory.go:47	logDir:<../../tmp/nacos/log>   cacheDir:<../../tmp/nacos/cache>
2024-06-25T20:34:29.856+0800	[34mINFO[0m	clients/client_factory.go:47	logDir:<../../tmp/nacos/log>   cacheDir:<../../tmp/nacos/cache>
2024-06-25T20:34:30.926+0800	[34mINFO[0m	clients/client_factory.go:47	logDir:<../../tmp/nacos/log>   cacheDir:<../../tmp/nacos/cache>
2024-06-26T10:31:59.501+0800	[34mINFO[0m	clients/client_factory.go:47	logDir:<../../tmp/nacos/log>   cacheDir:<../../tmp/nacos/cache>
2024-06-26T10:31:59.589+0800	[34mINFO[0m	clients/client_factory.go:47	logDir:<../../tmp/nacos/log>   cacheDir:<../../tmp/nacos/cache>
=======
2024-06-28T10:26:13.116+0800	[34mINFO[0m	clients/client_factory.go:47	logDir:<../../tmp/nacos/log>   cacheDir:<../../tmp/nacos/cache>
2024-06-28T10:26:15.044+0800	[34mINFO[0m	clients/client_factory.go:47	logDir:<../../tmp/nacos/log>   cacheDir:<../../tmp/nacos/cache>
2024-06-28T10:51:23.709+0800	[34mINFO[0m	clients/client_factory.go:47	logDir:<../../tmp/nacos/log>   cacheDir:<../../tmp/nacos/cache>
2024-06-28T10:51:26.559+0800	[34mINFO[0m	clients/client_factory.go:47	logDir:<../../tmp/nacos/log>   cacheDir:<../../tmp/nacos/cache>
2024-06-28T11:21:19.538+0800	[34mINFO[0m	clients/client_factory.go:47	logDir:<../../tmp/nacos/log>   cacheDir:<../../tmp/nacos/cache>
2024-06-28T11:21:26.119+0800	[34mINFO[0m	clients/client_factory.go:47	logDir:<../../tmp/nacos/log>   cacheDir:<../../tmp/nacos/cache>
2024-06-28T11:57:04.396+0800	[34mINFO[0m	clients/client_factory.go:47	logDir:<../../tmp/nacos/log>   cacheDir:<../../tmp/nacos/cache>
2024-06-28T11:58:03.079+0800	[34mINFO[0m	clients/client_factory.go:47	logDir:<../../tmp/nacos/log>   cacheDir:<../../tmp/nacos/cache>
>>>>>>> main
2024-06-28T14:38:30.167+0800	[34mINFO[0m	clients/client_factory.go:47	logDir:<../../tmp/nacos/log>   cacheDir:<../../tmp/nacos/cache>
2024-06-28T14:38:30.551+0800	[34mINFO[0m	clients/client_factory.go:47	logDir:<../../tmp/nacos/log>   cacheDir:<../../tmp/nacos/cache>
2024-06-28T14:44:01.026+0800	[34mINFO[0m	clients/client_factory.go:47	logDir:<../../tmp/nacos/log>   cacheDir:<../../tmp/nacos/cache>
2024-06-28T14:53:14.581+0800	[34mINFO[0m	clients/client_factory.go:47	logDir:<../../tmp/nacos/log>   cacheDir:<../../tmp/nacos/cache>
2024-06-28T14:59:14.485+0800	[34mINFO[0m	clients/client_factory.go:47	logDir:<../../tmp/nacos/log>   cacheDir:<../../tmp/nacos/cache>
2024-06-28T15:08:31.229+0800	[34mINFO[0m	clients/client_factory.go:47	logDir:<../../tmp/nacos/log>   cacheDir:<../../tmp/nacos/cache>
2024-06-29T09:06:25.787+0800	[34mINFO[0m	clients/client_factory.go:47	logDir:<../../tmp/nacos/log>   cacheDir:<../../tmp/nacos/cache>
2024-06-29T09:06:56.411+0800	[34mINFO[0m	clients/client_factory.go:47	logDir:<../../tmp/nacos/log>   cacheDir:<../../tmp/nacos/cache>
2024-06-29T09:07:13.926+0800	[34mINFO[0m	clients/client_factory.go:47	logDir:<../../tmp/nacos/log>   cacheDir:<../../tmp/nacos/cache>
2024-06-29T09:07:25.112+0800	[34mINFO[0m	clients/client_factory.go:47	logDir:<../../tmp/nacos/log>   cacheDir:<../../tmp/nacos/cache>
2025-07-01T12:20:41.989+0800	[34mINFO[0m	clients/client_factory.go:47	logDir:<../../tmp/nacos/log>   cacheDir:<../../tmp/nacos/cache>
2025-07-01T12:20:47.015+0800	[31mERROR[0m	nacos_server/nacos_server.go:199	api</v1/cs/configs>,method:<GET>, params:<{"dataId":"global","group":"MS","tenant":"a1a0f287-b04b-4ec1-a878-1e3ee676b171"}>, call domain error:<Get "http://47.103.83.130:8848/nacos/v1/cs/configs?dataId=global&group=MS&tenant=a1a0f287-b04b-4ec1-a878-1e3ee676b171": context deadline exceeded (Client.Timeout exceeded while awaiting headers)> , result:<>
2025-07-01T12:20:52.016+0800	[31mERROR[0m	nacos_server/nacos_server.go:199	api</v1/cs/configs>,method:<GET>, params:<{"dataId":"global","group":"MS","tenant":"a1a0f287-b04b-4ec1-a878-1e3ee676b171"}>, call domain error:<Get "http://47.103.83.130:8848/nacos/v1/cs/configs?dataId=global&group=MS&tenant=a1a0f287-b04b-4ec1-a878-1e3ee676b171": context deadline exceeded (Client.Timeout exceeded while awaiting headers)> , result:<>
2025-07-01T12:20:57.017+0800	[31mERROR[0m	nacos_server/nacos_server.go:199	api</v1/cs/configs>,method:<GET>, params:<{"dataId":"global","group":"MS","tenant":"a1a0f287-b04b-4ec1-a878-1e3ee676b171"}>, call domain error:<Get "http://47.103.83.130:8848/nacos/v1/cs/configs?group=MS&tenant=a1a0f287-b04b-4ec1-a878-1e3ee676b171&dataId=global": context deadline exceeded (Client.Timeout exceeded while awaiting headers)> , result:<>
2025-07-01T12:20:57.017+0800	[31mERROR[0m	config_client/config_client.go:202	get config from server error:Get "http://47.103.83.130:8848/nacos/v1/cs/configs?group=MS&tenant=a1a0f287-b04b-4ec1-a878-1e3ee676b171&dataId=global": context deadline exceeded (Client.Timeout exceeded while awaiting headers) 
2025-07-01T15:12:39.999+0800	[34mINFO[0m	clients/client_factory.go:47	logDir:<../../tmp/nacos/log>   cacheDir:<../../tmp/nacos/cache>
2025-07-01T15:14:49.003+0800	[34mINFO[0m	clients/client_factory.go:47	logDir:<../../tmp/nacos/log>   cacheDir:<../../tmp/nacos/cache>
2025-07-01T15:25:55.908+0800	[34mINFO[0m	clients/client_factory.go:47	logDir:<../../tmp/nacos/log>   cacheDir:<../../tmp/nacos/cache>
2025-07-01T16:06:44.306+0800	[34mINFO[0m	clients/client_factory.go:47	logDir:<../../tmp/nacos/log>   cacheDir:<../../tmp/nacos/cache>
2025-07-01T20:08:28.441+0800	[34mINFO[0m	clients/client_factory.go:47	logDir:<../../tmp/nacos/log>   cacheDir:<../../tmp/nacos/cache>
2025-07-01T20:12:14.559+0800	[34mINFO[0m	clients/client_factory.go:47	logDir:<../../tmp/nacos/log>   cacheDir:<../../tmp/nacos/cache>
2025-07-01T20:13:28.018+0800	[34mINFO[0m	clients/client_factory.go:47	logDir:<../../tmp/nacos/log>   cacheDir:<../../tmp/nacos/cache>
2025-07-01T20:18:54.630+0800	[34mINFO[0m	clients/client_factory.go:47	logDir:<../../tmp/nacos/log>   cacheDir:<../../tmp/nacos/cache>
2025-07-01T20:19:04.921+0800	[34mINFO[0m	clients/client_factory.go:47	logDir:<../../tmp/nacos/log>   cacheDir:<../../tmp/nacos/cache>
2025-07-01T20:20:36.389+0800	[34mINFO[0m	clients/client_factory.go:47	logDir:<../../tmp/nacos/log>   cacheDir:<../../tmp/nacos/cache>
2025-07-01T20:20:50.118+0800	[34mINFO[0m	clients/client_factory.go:47	logDir:<../../tmp/nacos/log>   cacheDir:<../../tmp/nacos/cache>
2025-07-01T20:22:15.374+0800	[34mINFO[0m	clients/client_factory.go:47	logDir:<../../tmp/nacos/log>   cacheDir:<../../tmp/nacos/cache>
2025-07-01T20:22:23.243+0800	[34mINFO[0m	clients/client_factory.go:47	logDir:<../../tmp/nacos/log>   cacheDir:<../../tmp/nacos/cache>
2025-07-01T20:23:05.868+0800	[34mINFO[0m	clients/client_factory.go:47	logDir:<../../tmp/nacos/log>   cacheDir:<../../tmp/nacos/cache>
2025-07-01T21:26:15.511+0800	[34mINFO[0m	clients/client_factory.go:47	logDir:<../../tmp/nacos/log>   cacheDir:<../../tmp/nacos/cache>
2025-07-01T21:27:07.606+0800	[34mINFO[0m	clients/client_factory.go:47	logDir:<../../tmp/nacos/log>   cacheDir:<../../tmp/nacos/cache>
2025-07-01T21:28:13.617+0800	[34mINFO[0m	clients/client_factory.go:47	logDir:<../../tmp/nacos/log>   cacheDir:<../../tmp/nacos/cache>
2025-07-01T21:28:23.526+0800	[34mINFO[0m	clients/client_factory.go:47	logDir:<../../tmp/nacos/log>   cacheDir:<../../tmp/nacos/cache>
2025-07-01T21:41:01.061+0800	[34mINFO[0m	clients/client_factory.go:47	logDir:<../../tmp/nacos/log>   cacheDir:<../../tmp/nacos/cache>
2025-07-01T21:50:19.042+0800	[34mINFO[0m	clients/client_factory.go:47	logDir:<../../tmp/nacos/log>   cacheDir:<../../tmp/nacos/cache>
2025-07-01T21:58:57.743+0800	[34mINFO[0m	clients/client_factory.go:47	logDir:<../../tmp/nacos/log>   cacheDir:<../../tmp/nacos/cache>
2025-07-01T22:04:19.495+0800	[34mINFO[0m	clients/client_factory.go:47	logDir:<../../tmp/nacos/log>   cacheDir:<../../tmp/nacos/cache>
2025-07-02T10:59:52.136+0800	[34mINFO[0m	clients/client_factory.go:47	logDir:<../../tmp/nacos/log>   cacheDir:<../../tmp/nacos/cache>
2025-07-02T11:10:31.251+0800	[34mINFO[0m	clients/client_factory.go:47	logDir:<../../tmp/nacos/log>   cacheDir:<../../tmp/nacos/cache>
2025-07-02T11:15:15.705+0800	[34mINFO[0m	clients/client_factory.go:47	logDir:<../../tmp/nacos/log>   cacheDir:<../../tmp/nacos/cache>
2025-07-02T11:15:49.940+0800	[34mINFO[0m	clients/client_factory.go:47	logDir:<../../tmp/nacos/log>   cacheDir:<../../tmp/nacos/cache>
2025-07-02T11:17:50.617+0800	[34mINFO[0m	clients/client_factory.go:47	logDir:<../../tmp/nacos/log>   cacheDir:<../../tmp/nacos/cache>
2025-07-02T11:18:35.384+0800	[34mINFO[0m	clients/client_factory.go:47	logDir:<../../tmp/nacos/log>   cacheDir:<../../tmp/nacos/cache>
2025-07-02T12:14:51.430+0800	[34mINFO[0m	clients/client_factory.go:47	logDir:<../../tmp/nacos/log>   cacheDir:<../../tmp/nacos/cache>
2025-07-02T19:30:27.340+0800	[34mINFO[0m	clients/client_factory.go:47	logDir:<../../tmp/nacos/log>   cacheDir:<../../tmp/nacos/cache>
2025-07-02T19:36:49.425+0800	[34mINFO[0m	clients/client_factory.go:47	logDir:<../../tmp/nacos/log>   cacheDir:<../../tmp/nacos/cache>
2025-07-02T20:19:18.349+0800	[34mINFO[0m	clients/client_factory.go:47	logDir:<../../tmp/nacos/log>   cacheDir:<../../tmp/nacos/cache>
2025-07-02T21:05:17.843+0800	[34mINFO[0m	clients/client_factory.go:47	logDir:<../../tmp/nacos/log>   cacheDir:<../../tmp/nacos/cache>
2025-07-03T08:29:20.886+0800	[34mINFO[0m	clients/client_factory.go:47	logDir:<../../tmp/nacos/log>   cacheDir:<../../tmp/nacos/cache>
2025-07-03T09:05:03.783+0800	[34mINFO[0m	clients/client_factory.go:47	logDir:<../../tmp/nacos/log>   cacheDir:<../../tmp/nacos/cache>
2025-07-03T09:09:52.969+0800	[34mINFO[0m	clients/client_factory.go:47	logDir:<../../tmp/nacos/log>   cacheDir:<../../tmp/nacos/cache>
2025-07-03T09:11:19.840+0800	[34mINFO[0m	clients/client_factory.go:47	logDir:<../../tmp/nacos/log>   cacheDir:<../../tmp/nacos/cache>
2025-07-03T09:12:32.497+0800	[34mINFO[0m	clients/client_factory.go:47	logDir:<../../tmp/nacos/log>   cacheDir:<../../tmp/nacos/cache>
2025-07-03T09:13:42.301+0800	[34mINFO[0m	clients/client_factory.go:47	logDir:<../../tmp/nacos/log>   cacheDir:<../../tmp/nacos/cache>
2025-07-03T09:14:47.737+0800	[34mINFO[0m	clients/client_factory.go:47	logDir:<../../tmp/nacos/log>   cacheDir:<../../tmp/nacos/cache>
2025-07-03T09:15:43.511+0800	[34mINFO[0m	clients/client_factory.go:47	logDir:<../../tmp/nacos/log>   cacheDir:<../../tmp/nacos/cache>
2025-07-03T09:17:06.806+0800	[34mINFO[0m	clients/client_factory.go:47	logDir:<../../tmp/nacos/log>   cacheDir:<../../tmp/nacos/cache>
2025-07-03T09:19:34.007+0800	[34mINFO[0m	clients/client_factory.go:47	logDir:<../../tmp/nacos/log>   cacheDir:<../../tmp/nacos/cache>
2025-07-03T09:19:35.105+0800	[34mINFO[0m	clients/client_factory.go:47	logDir:<../../tmp/nacos/log>   cacheDir:<../../tmp/nacos/cache>
2025-07-03T09:19:35.407+0800	[34mINFO[0m	clients/client_factory.go:47	logDir:<../../tmp/nacos/log>   cacheDir:<../../tmp/nacos/cache>
2025-07-03T09:20:38.515+0800	[34mINFO[0m	clients/client_factory.go:47	logDir:<../../tmp/nacos/log>   cacheDir:<../../tmp/nacos/cache>
2025-07-03T09:21:53.694+0800	[34mINFO[0m	clients/client_factory.go:47	logDir:<../../tmp/nacos/log>   cacheDir:<../../tmp/nacos/cache>
2025-07-03T09:21:53.705+0800	[34mINFO[0m	clients/client_factory.go:47	logDir:<../../tmp/nacos/log>   cacheDir:<../../tmp/nacos/cache>
2025-07-03T09:21:54.155+0800	[34mINFO[0m	clients/client_factory.go:47	logDir:<../../tmp/nacos/log>   cacheDir:<../../tmp/nacos/cache>
2025-07-03T09:30:24.404+0800	[34mINFO[0m	clients/client_factory.go:47	logDir:<../../tmp/nacos/log>   cacheDir:<../../tmp/nacos/cache>
2025-07-03T09:31:54.962+0800	[34mINFO[0m	clients/client_factory.go:47	logDir:<../../tmp/nacos/log>   cacheDir:<../../tmp/nacos/cache>
2025-07-03T09:32:49.617+0800	[34mINFO[0m	clients/client_factory.go:47	logDir:<../../tmp/nacos/log>   cacheDir:<../../tmp/nacos/cache>
2025-07-03T10:24:31.927+0800	[34mINFO[0m	clients/client_factory.go:47	logDir:<../../tmp/nacos/log>   cacheDir:<../../tmp/nacos/cache>
2025-07-03T10:25:58.991+0800	[34mINFO[0m	clients/client_factory.go:47	logDir:<../../tmp/nacos/log>   cacheDir:<../../tmp/nacos/cache>
2025-07-03T10:26:37.913+0800	[34mINFO[0m	clients/client_factory.go:47	logDir:<../../tmp/nacos/log>   cacheDir:<../../tmp/nacos/cache>
2025-07-03T10:27:12.460+0800	[34mINFO[0m	clients/client_factory.go:47	logDir:<../../tmp/nacos/log>   cacheDir:<../../tmp/nacos/cache>
2025-07-03T10:53:12.344+0800	[34mINFO[0m	clients/client_factory.go:47	logDir:<../../tmp/nacos/log>   cacheDir:<../../tmp/nacos/cache>
2025-07-03T10:56:03.086+0800	[34mINFO[0m	clients/client_factory.go:47	logDir:<../../tmp/nacos/log>   cacheDir:<../../tmp/nacos/cache>
2025-07-03T10:58:27.239+0800	[34mINFO[0m	clients/client_factory.go:47	logDir:<../../tmp/nacos/log>   cacheDir:<../../tmp/nacos/cache>
2025-07-03T10:59:23.398+0800	[34mINFO[0m	clients/client_factory.go:47	logDir:<../../tmp/nacos/log>   cacheDir:<../../tmp/nacos/cache>
2025-07-03T11:00:02.826+0800	[34mINFO[0m	clients/client_factory.go:47	logDir:<../../tmp/nacos/log>   cacheDir:<../../tmp/nacos/cache>
2025-07-03T11:00:31.403+0800	[34mINFO[0m	clients/client_factory.go:47	logDir:<../../tmp/nacos/log>   cacheDir:<../../tmp/nacos/cache>
2025-07-03T14:38:05.623+0800	[34mINFO[0m	clients/client_factory.go:47	logDir:<../../tmp/nacos/log>   cacheDir:<../../tmp/nacos/cache>
2025-07-03T14:39:53.012+0800	[34mINFO[0m	clients/client_factory.go:47	logDir:<../../tmp/nacos/log>   cacheDir:<../../tmp/nacos/cache>
2025-07-03T14:43:18.963+0800	[34mINFO[0m	clients/client_factory.go:47	logDir:<../../tmp/nacos/log>   cacheDir:<../../tmp/nacos/cache>
2025-07-03T14:44:02.940+0800	[34mINFO[0m	clients/client_factory.go:47	logDir:<../../tmp/nacos/log>   cacheDir:<../../tmp/nacos/cache>
2025-07-03T14:45:41.787+0800	[34mINFO[0m	clients/client_factory.go:47	logDir:<../../tmp/nacos/log>   cacheDir:<../../tmp/nacos/cache>
2025-07-03T14:45:44.791+0800	[34mINFO[0m	clients/client_factory.go:47	logDir:<../../tmp/nacos/log>   cacheDir:<../../tmp/nacos/cache>
2025-07-03T14:46:06.183+0800	[34mINFO[0m	clients/client_factory.go:47	logDir:<../../tmp/nacos/log>   cacheDir:<../../tmp/nacos/cache>
2025-07-03T14:47:22.329+0800	[34mINFO[0m	clients/client_factory.go:47	logDir:<../../tmp/nacos/log>   cacheDir:<../../tmp/nacos/cache>
2025-07-03T14:48:31.169+0800	[34mINFO[0m	clients/client_factory.go:47	logDir:<../../tmp/nacos/log>   cacheDir:<../../tmp/nacos/cache>
2025-07-03T14:48:58.146+0800	[34mINFO[0m	clients/client_factory.go:47	logDir:<../../tmp/nacos/log>   cacheDir:<../../tmp/nacos/cache>
2025-07-03T14:49:37.357+0800	[34mINFO[0m	clients/client_factory.go:47	logDir:<../../tmp/nacos/log>   cacheDir:<../../tmp/nacos/cache>
2025-07-03T14:50:11.017+0800	[34mINFO[0m	clients/client_factory.go:47	logDir:<../../tmp/nacos/log>   cacheDir:<../../tmp/nacos/cache>
2025-07-03T14:50:44.491+0800	[34mINFO[0m	clients/client_factory.go:47	logDir:<../../tmp/nacos/log>   cacheDir:<../../tmp/nacos/cache>
2025-07-03T14:50:56.079+0800	[34mINFO[0m	clients/client_factory.go:47	logDir:<../../tmp/nacos/log>   cacheDir:<../../tmp/nacos/cache>
2025-07-03T14:51:01.798+0800	[34mINFO[0m	clients/client_factory.go:47	logDir:<../../tmp/nacos/log>   cacheDir:<../../tmp/nacos/cache>
2025-07-03T14:51:04.650+0800	[34mINFO[0m	clients/client_factory.go:47	logDir:<../../tmp/nacos/log>   cacheDir:<../../tmp/nacos/cache>
2025-07-03T14:51:08.754+0800	[34mINFO[0m	clients/client_factory.go:47	logDir:<../../tmp/nacos/log>   cacheDir:<../../tmp/nacos/cache>
2025-07-03T16:53:35.645+0800	[34mINFO[0m	clients/client_factory.go:47	logDir:<../../tmp/nacos/log>   cacheDir:<../../tmp/nacos/cache>
2025-07-03T20:58:32.055+0800	[34mINFO[0m	clients/client_factory.go:47	logDir:<../../tmp/nacos/log>   cacheDir:<../../tmp/nacos/cache>
2025-07-03T20:59:44.176+0800	[34mINFO[0m	clients/client_factory.go:47	logDir:<../../tmp/nacos/log>   cacheDir:<../../tmp/nacos/cache>
2025-07-03T21:01:27.239+0800	[34mINFO[0m	clients/client_factory.go:47	logDir:<../../tmp/nacos/log>   cacheDir:<../../tmp/nacos/cache>
2025-07-03T21:02:15.920+0800	[34mINFO[0m	clients/client_factory.go:47	logDir:<../../tmp/nacos/log>   cacheDir:<../../tmp/nacos/cache>
2025-07-03T21:41:13.270+0800	[34mINFO[0m	clients/client_factory.go:47	logDir:<../../tmp/nacos/log>   cacheDir:<../../tmp/nacos/cache>
2025-07-03T21:54:30.900+0800	[34mINFO[0m	clients/client_factory.go:47	logDir:<../../tmp/nacos/log>   cacheDir:<../../tmp/nacos/cache>
2025-07-03T22:06:40.965+0800	[34mINFO[0m	clients/client_factory.go:47	logDir:<../../tmp/nacos/log>   cacheDir:<../../tmp/nacos/cache>
2025-07-03T22:15:48.448+0800	[34mINFO[0m	clients/client_factory.go:47	logDir:<../../tmp/nacos/log>   cacheDir:<../../tmp/nacos/cache>
2025-07-03T22:16:11.298+0800	[34mINFO[0m	clients/client_factory.go:47	logDir:<../../tmp/nacos/log>   cacheDir:<../../tmp/nacos/cache>
2025-07-03T22:22:42.043+0800	[34mINFO[0m	clients/client_factory.go:47	logDir:<../../tmp/nacos/log>   cacheDir:<../../tmp/nacos/cache>
2025-07-03T22:22:47.343+0800	[34mINFO[0m	clients/client_factory.go:47	logDir:<../../tmp/nacos/log>   cacheDir:<../../tmp/nacos/cache>
2025-07-03T22:23:15.334+0800	[34mINFO[0m	clients/client_factory.go:47	logDir:<../../tmp/nacos/log>   cacheDir:<../../tmp/nacos/cache>
2025-07-03T22:24:47.304+0800	[34mINFO[0m	clients/client_factory.go:47	logDir:<../../tmp/nacos/log>   cacheDir:<../../tmp/nacos/cache>
2025-07-03T22:25:15.851+0800	[34mINFO[0m	clients/client_factory.go:47	logDir:<../../tmp/nacos/log>   cacheDir:<../../tmp/nacos/cache>
2025-07-03T22:31:22.792+0800	[34mINFO[0m	clients/client_factory.go:47	logDir:<../../tmp/nacos/log>   cacheDir:<../../tmp/nacos/cache>
2025-07-03T22:32:49.357+0800	[34mINFO[0m	clients/client_factory.go:47	logDir:<../../tmp/nacos/log>   cacheDir:<../../tmp/nacos/cache>
2025-07-04T09:15:45.752+0800	[34mINFO[0m	clients/client_factory.go:47	logDir:<../../tmp/nacos/log>   cacheDir:<../../tmp/nacos/cache>
2025-07-04T09:15:54.655+0800	[34mINFO[0m	clients/client_factory.go:47	logDir:<../../tmp/nacos/log>   cacheDir:<../../tmp/nacos/cache>
2025-07-04T09:16:53.625+0800	[34mINFO[0m	clients/client_factory.go:47	logDir:<../../tmp/nacos/log>   cacheDir:<../../tmp/nacos/cache>
2025-07-04T09:18:11.635+0800	[34mINFO[0m	clients/client_factory.go:47	logDir:<../../tmp/nacos/log>   cacheDir:<../../tmp/nacos/cache>
2025-07-04T09:21:33.311+0800	[34mINFO[0m	clients/client_factory.go:47	logDir:<../../tmp/nacos/log>   cacheDir:<../../tmp/nacos/cache>
2025-07-04T09:21:57.114+0800	[34mINFO[0m	clients/client_factory.go:47	logDir:<../../tmp/nacos/log>   cacheDir:<../../tmp/nacos/cache>
2025-07-04T09:22:17.131+0800	[34mINFO[0m	clients/client_factory.go:47	logDir:<../../tmp/nacos/log>   cacheDir:<../../tmp/nacos/cache>
2025-07-04T09:22:48.212+0800	[34mINFO[0m	clients/client_factory.go:47	logDir:<../../tmp/nacos/log>   cacheDir:<../../tmp/nacos/cache>
2025-07-04T09:23:39.116+0800	[34mINFO[0m	clients/client_factory.go:47	logDir:<../../tmp/nacos/log>   cacheDir:<../../tmp/nacos/cache>
2025-07-04T10:12:16.982+0800	[34mINFO[0m	clients/client_factory.go:47	logDir:<../../tmp/nacos/log>   cacheDir:<../../tmp/nacos/cache>
2025-07-04T10:16:39.831+0800	[34mINFO[0m	clients/client_factory.go:47	logDir:<../../tmp/nacos/log>   cacheDir:<../../tmp/nacos/cache>
2025-07-04T10:23:39.948+0800	[34mINFO[0m	clients/client_factory.go:47	logDir:<../../tmp/nacos/log>   cacheDir:<../../tmp/nacos/cache>
2025-07-04T10:23:42.683+0800	[34mINFO[0m	clients/client_factory.go:47	logDir:<../../tmp/nacos/log>   cacheDir:<../../tmp/nacos/cache>
2025-07-04T10:23:46.968+0800	[34mINFO[0m	clients/client_factory.go:47	logDir:<../../tmp/nacos/log>   cacheDir:<../../tmp/nacos/cache>
2025-07-04T10:23:48.231+0800	[34mINFO[0m	clients/client_factory.go:47	logDir:<../../tmp/nacos/log>   cacheDir:<../../tmp/nacos/cache>
2025-07-04T10:23:54.248+0800	[34mINFO[0m	clients/client_factory.go:47	logDir:<../../tmp/nacos/log>   cacheDir:<../../tmp/nacos/cache>
